e:\documents\lu computer science\classes\winter 2022\comp-2476 intro to ass lang & sys op\labs\masm64_lab1\masm64_lab1\x64\debug\vc142.pdb
e:\documents\lu computer science\classes\winter 2022\comp-2476 intro to ass lang & sys op\labs\masm64_lab1\masm64_lab1\x64\debug\vc142.idb
e:\documents\lu computer science\classes\winter 2022\comp-2476 intro to ass lang & sys op\labs\masm64_lab1\masm64_lab1\x64\debug\source.obj
e:\documents\lu computer science\classes\winter 2022\comp-2476 intro to ass lang & sys op\labs\masm64_lab1\masm64_lab1\x64\debug\masm64_lab1.ilk
e:\documents\lu computer science\classes\winter 2022\comp-2476 intro to ass lang & sys op\labs\masm64_lab1\x64\debug\masm64_lab1.exe
e:\documents\lu computer science\classes\winter 2022\comp-2476 intro to ass lang & sys op\labs\masm64_lab1\x64\debug\masm64_lab1.pdb
e:\documents\lu computer science\classes\winter 2022\comp-2476 intro to ass lang & sys op\labs\masm64_lab1\masm64_lab1\x64\debug\main.obj
e:\documents\lu computer science\classes\winter 2022\comp-2476 intro to ass lang & sys op\labs\matthewbrown_lab1\masm64_lab1\masm64_lab1\x64\debug\main.obj
e:\documents\lu computer science\classes\winter 2022\comp-2476 intro to ass lang & sys op\labs\matthewbrown_lab1\masm64_lab1\masm64_lab1\x64\debug\source.obj
e:\documents\lu computer science\classes\winter 2022\comp-2476 intro to ass lang & sys op\labs\matthewbrown_lab1\masm64_lab1\masm64_lab1\x64\debug\masm64_lab1.ilk
e:\documents\lu computer science\classes\winter 2022\comp-2476 intro to ass lang & sys op\labs\matthewbrown_lab1\masm64_lab1\masm64_lab1\x64\debug\vc142.idb
e:\documents\lu computer science\classes\winter 2022\comp-2476 intro to ass lang & sys op\labs\matthewbrown_lab1\masm64_lab1\masm64_lab1\x64\debug\vc142.pdb
e:\documents\lu computer science\classes\winter 2022\comp-2476 intro to ass lang & sys op\labs\matthewbrown_lab1\masm64_lab1\x64\debug\masm64_lab1.pdb
e:\documents\lu computer science\classes\winter 2022\comp-2476 intro to ass lang & sys op\labs\matthewbrown_lab1\masm64_lab1\x64\debug\masm64_lab1.exe
e:\documents\lu computer science\classes\winter 2022\comp-2476 intro to ass lang & sys op\labs\matthewbrown_lab1\masm64_lab1\masm64_lab1\x64\debug\masm64_lab1.tlog\cl.command.1.tlog
e:\documents\lu computer science\classes\winter 2022\comp-2476 intro to ass lang & sys op\labs\matthewbrown_lab1\masm64_lab1\masm64_lab1\x64\debug\masm64_lab1.tlog\cl.read.1.tlog
e:\documents\lu computer science\classes\winter 2022\comp-2476 intro to ass lang & sys op\labs\matthewbrown_lab1\masm64_lab1\masm64_lab1\x64\debug\masm64_lab1.tlog\cl.write.1.tlog
e:\documents\lu computer science\classes\winter 2022\comp-2476 intro to ass lang & sys op\labs\matthewbrown_lab1\masm64_lab1\masm64_lab1\x64\debug\masm64_lab1.tlog\link.command.1.tlog
e:\documents\lu computer science\classes\winter 2022\comp-2476 intro to ass lang & sys op\labs\matthewbrown_lab1\masm64_lab1\masm64_lab1\x64\debug\masm64_lab1.tlog\link.read.1.tlog
e:\documents\lu computer science\classes\winter 2022\comp-2476 intro to ass lang & sys op\labs\matthewbrown_lab1\masm64_lab1\masm64_lab1\x64\debug\masm64_lab1.tlog\link.write.1.tlog
e:\documents\lu computer science\classes\winter 2022\comp-2476 intro to ass lang & sys op\labs\matthewbrown_lab1\masm64_lab1\masm64_lab1\x64\debug\masm64_lab1.tlog\masm.read.1u.tlog
e:\documents\lu computer science\classes\winter 2022\comp-2476 intro to ass lang & sys op\labs\matthewbrown_lab1\masm64_lab1\masm64_lab1\x64\debug\masm64_lab1.tlog\masm.write.1u.tlog
